<?xml version="1.0" encoding="UTF-8"?>
<!-- Generated by org.testng.reporters.JUnitXMLReporter -->
<testsuite ignored="0" hostname="DESKTOP-ETNP9LV" failures="0" tests="3" name="Default test" time="32.679" errors="0" timestamp="2023-07-17T22:06:29 EDT">
  <testcase classname="testcase.TC_Login" name="LoginTest" time="32.569"/>
  <testcase classname="testcase.AppTest" name="testlogin1" time="0.034"/>
  <testcase classname="testcase.AppTest" name="testlogin2" time="0.002"/>
</testsuite> <!-- Default test -->
