<?xml version="1.0" encoding="UTF-8"?>
<testng-results ignored="0" total="3" passed="3" failed="0" skipped="0">
  <reporter-output>
  </reporter-output>
  <suite started-at="2023-07-17T22:29:37 EDT" name="Suite" finished-at="2023-07-17T22:30:09 EDT" duration-ms="31536">
    <groups>
    </groups>
    <test started-at="2023-07-17T22:29:37 EDT" name="Test" finished-at="2023-07-17T22:30:09 EDT" duration-ms="31536">
      <class name="com.sdet.TC_Login">
        <test-method signature="LoginTest()[pri:0, instance:com.sdet.TC_Login@52719fb6]" started-at="2023-07-17T22:29:38 EDT" name="LoginTest" finished-at="2023-07-17T22:30:09 EDT" duration-ms="31391" status="PASS">
          <reporter-output>
          </reporter-output>
        </test-method> <!-- LoginTest -->
      </class> <!-- com.sdet.TC_Login -->
      <class name="com.sdet.AppTest">
        <test-method signature="testlogin1()[pri:0, instance:com.sdet.AppTest@3f6f6701]" started-at="2023-07-17T22:29:37 EDT" name="testlogin1" finished-at="2023-07-17T22:29:37 EDT" duration-ms="54" status="PASS">
          <reporter-output>
          </reporter-output>
        </test-method> <!-- testlogin1 -->
        <test-method signature="testlogin2()[pri:0, instance:com.sdet.AppTest@3f6f6701]" started-at="2023-07-17T22:29:37 EDT" name="testlogin2" finished-at="2023-07-17T22:29:37 EDT" duration-ms="1" status="PASS">
          <reporter-output>
          </reporter-output>
        </test-method> <!-- testlogin2 -->
      </class> <!-- com.sdet.AppTest -->
    </test> <!-- Test -->
  </suite> <!-- Suite -->
</testng-results>
