<?xml version="1.0" encoding="UTF-8"?>
<testng-results ignored="0" total="1" passed="1" failed="0" skipped="0">
  <reporter-output>
  </reporter-output>
  <suite started-at="2023-12-29T19:24:47 IST" name="Default suite" finished-at="2023-12-29T19:25:12 IST" duration-ms="25171">
    <groups>
    </groups>
    <test started-at="2023-12-29T19:24:47 IST" name="Default test" finished-at="2023-12-29T19:25:12 IST" duration-ms="25171">
      <class name="com.sdet.TC_Login">
        <test-method signature="login_Test()[pri:0, instance:com.sdet.TC_Login@33065d67]" started-at="2023-12-29T19:24:47 IST" name="login_Test" finished-at="2023-12-29T19:25:12 IST" duration-ms="25114" status="PASS">
          <reporter-output>
          </reporter-output>
        </test-method> <!-- login_Test -->
      </class> <!-- com.sdet.TC_Login -->
    </test> <!-- Default test -->
  </suite> <!-- Default suite -->
</testng-results>
